{"/Users/tzelee/AndroidProto/assets/www/main2.js":{"path":"/Users/tzelee/AndroidProto/assets/www/main2.js","s":{"1":1,"2":0,"3":0,"4":0,"5":0,"6":0,"7":0,"8":0,"9":1,"10":0,"11":0,"12":0,"13":0,"14":1,"15":0,"16":1,"17":0,"18":1,"19":0,"20":0,"21":0,"22":1,"23":1,"24":0,"25":0,"26":0,"27":1,"28":0,"29":0,"30":0,"31":0,"32":0,"33":0,"34":0,"35":0,"36":1,"37":0,"38":1,"39":0,"40":0,"41":0,"42":0,"43":0,"44":0,"45":0,"46":1,"47":0,"48":1,"49":0,"50":1,"51":0,"52":0,"53":0,"54":1,"55":0,"56":1,"57":0,"58":0,"59":0,"60":0,"61":1,"62":0,"63":0,"64":0,"65":0,"66":0,"67":0,"68":0,"69":0,"70":0,"71":0,"72":1,"73":1,"74":0,"75":1,"76":0,"77":0,"78":0,"79":0,"80":0,"81":0,"82":0,"83":1,"84":0},"b":{"1":[0,0],"2":[0,0],"3":[0,0],"4":[0,0]},"f":{"1":0,"2":0,"3":0,"4":0,"5":0,"6":0,"7":0,"8":0,"9":0,"10":0,"11":0,"12":0,"13":0,"14":0,"15":0,"16":0,"17":0,"18":0,"19":0,"20":0,"21":0,"22":0},"fnMap":{"1":{"name":"(anonymous_1)","line":3,"loc":{"start":{"line":3,"column":17},"end":{"line":3,"column":28}}},"2":{"name":"(anonymous_2)","line":13,"loc":{"start":{"line":13,"column":18},"end":{"line":13,"column":29}}},"3":{"name":"(anonymous_3)","line":14,"loc":{"start":{"line":14,"column":14},"end":{"line":14,"column":26}}},"4":{"name":"(anonymous_4)","line":17,"loc":{"start":{"line":17,"column":18},"end":{"line":17,"column":29}}},"5":{"name":"(anonymous_5)","line":22,"loc":{"start":{"line":22,"column":11},"end":{"line":22,"column":22}}},"6":{"name":"(anonymous_6)","line":26,"loc":{"start":{"line":26,"column":14},"end":{"line":26,"column":25}}},"7":{"name":"roundNumber","line":30,"loc":{"start":{"line":30,"column":0},"end":{"line":30,"column":26}}},"8":{"name":"updateAcceleration","line":38,"loc":{"start":{"line":38,"column":0},"end":{"line":38,"column":31}}},"9":{"name":"(anonymous_9)","line":44,"loc":{"start":{"line":44,"column":18},"end":{"line":44,"column":29}}},"10":{"name":"(anonymous_10)","line":57,"loc":{"start":{"line":57,"column":36},"end":{"line":57,"column":49}}},"11":{"name":"(anonymous_11)","line":63,"loc":{"start":{"line":63,"column":22},"end":{"line":63,"column":34}}},"12":{"name":"dump_pic","line":67,"loc":{"start":{"line":67,"column":0},"end":{"line":67,"column":24}}},"13":{"name":"fail","line":77,"loc":{"start":{"line":77,"column":0},"end":{"line":77,"column":19}}},"14":{"name":"show_pic","line":81,"loc":{"start":{"line":81,"column":0},"end":{"line":81,"column":20}}},"15":{"name":"close","line":87,"loc":{"start":{"line":87,"column":0},"end":{"line":87,"column":17}}},"16":{"name":"contacts_success","line":93,"loc":{"start":{"line":93,"column":0},"end":{"line":93,"column":36}}},"17":{"name":"get_contacts","line":100,"loc":{"start":{"line":100,"column":0},"end":{"line":100,"column":24}}},"18":{"name":"check_network","line":109,"loc":{"start":{"line":109,"column":0},"end":{"line":109,"column":25}}},"19":{"name":"updateHeading","line":126,"loc":{"start":{"line":126,"column":0},"end":{"line":126,"column":26}}},"20":{"name":"toggleCompass","line":130,"loc":{"start":{"line":130,"column":0},"end":{"line":130,"column":25}}},"21":{"name":"(anonymous_21)","line":137,"loc":{"start":{"line":137,"column":64},"end":{"line":137,"column":76}}},"22":{"name":"init","line":143,"loc":{"start":{"line":143,"column":0},"end":{"line":143,"column":16}}}},"statementMap":{"1":{"start":{"line":3,"column":0},"end":{"line":11,"column":2}},"2":{"start":{"line":4,"column":4},"end":{"line":4,"column":68}},"3":{"start":{"line":5,"column":4},"end":{"line":5,"column":66}},"4":{"start":{"line":6,"column":4},"end":{"line":6,"column":60}},"5":{"start":{"line":7,"column":4},"end":{"line":7,"column":60}},"6":{"start":{"line":8,"column":4},"end":{"line":8,"column":62}},"7":{"start":{"line":9,"column":4},"end":{"line":9,"column":64}},"8":{"start":{"line":10,"column":4},"end":{"line":10,"column":72}},"9":{"start":{"line":13,"column":0},"end":{"line":20,"column":2}},"10":{"start":{"line":14,"column":4},"end":{"line":16,"column":6}},"11":{"start":{"line":15,"column":8},"end":{"line":15,"column":60}},"12":{"start":{"line":17,"column":4},"end":{"line":18,"column":6}},"13":{"start":{"line":19,"column":4},"end":{"line":19,"column":59}},"14":{"start":{"line":22,"column":0},"end":{"line":24,"column":2}},"15":{"start":{"line":23,"column":4},"end":{"line":23,"column":35}},"16":{"start":{"line":26,"column":0},"end":{"line":28,"column":2}},"17":{"start":{"line":27,"column":4},"end":{"line":27,"column":38}},"18":{"start":{"line":30,"column":0},"end":{"line":34,"column":1}},"19":{"start":{"line":31,"column":4},"end":{"line":31,"column":16}},"20":{"start":{"line":32,"column":4},"end":{"line":32,"column":73}},"21":{"start":{"line":33,"column":4},"end":{"line":33,"column":18}},"22":{"start":{"line":36,"column":0},"end":{"line":36,"column":29}},"23":{"start":{"line":38,"column":0},"end":{"line":42,"column":1}},"24":{"start":{"line":39,"column":4},"end":{"line":39,"column":62}},"25":{"start":{"line":40,"column":4},"end":{"line":40,"column":62}},"26":{"start":{"line":41,"column":4},"end":{"line":41,"column":62}},"27":{"start":{"line":44,"column":0},"end":{"line":61,"column":2}},"28":{"start":{"line":45,"column":4},"end":{"line":60,"column":5}},"29":{"start":{"line":46,"column":8},"end":{"line":46,"column":62}},"30":{"start":{"line":47,"column":8},"end":{"line":51,"column":11}},"31":{"start":{"line":52,"column":8},"end":{"line":52,"column":33}},"32":{"start":{"line":54,"column":8},"end":{"line":54,"column":25}},"33":{"start":{"line":55,"column":8},"end":{"line":55,"column":33}},"34":{"start":{"line":56,"column":8},"end":{"line":59,"column":28}},"35":{"start":{"line":58,"column":20},"end":{"line":58,"column":78}},"36":{"start":{"line":63,"column":0},"end":{"line":65,"column":2}},"37":{"start":{"line":64,"column":4},"end":{"line":64,"column":23}},"38":{"start":{"line":67,"column":0},"end":{"line":75,"column":1}},"39":{"start":{"line":68,"column":4},"end":{"line":68,"column":55}},"40":{"start":{"line":69,"column":4},"end":{"line":69,"column":22}},"41":{"start":{"line":70,"column":4},"end":{"line":70,"column":32}},"42":{"start":{"line":71,"column":4},"end":{"line":71,"column":41}},"43":{"start":{"line":72,"column":4},"end":{"line":72,"column":32}},"44":{"start":{"line":73,"column":4},"end":{"line":73,"column":33}},"45":{"start":{"line":74,"column":4},"end":{"line":74,"column":51}},"46":{"start":{"line":77,"column":0},"end":{"line":79,"column":1}},"47":{"start":{"line":78,"column":4},"end":{"line":78,"column":15}},"48":{"start":{"line":81,"column":0},"end":{"line":85,"column":1}},"49":{"start":{"line":82,"column":4},"end":{"line":84,"column":7}},"50":{"start":{"line":87,"column":0},"end":{"line":91,"column":1}},"51":{"start":{"line":88,"column":4},"end":{"line":88,"column":55}},"52":{"start":{"line":89,"column":4},"end":{"line":89,"column":41}},"53":{"start":{"line":90,"column":4},"end":{"line":90,"column":36}},"54":{"start":{"line":93,"column":0},"end":{"line":98,"column":1}},"55":{"start":{"line":94,"column":4},"end":{"line":97,"column":27}},"56":{"start":{"line":100,"column":0},"end":{"line":107,"column":1}},"57":{"start":{"line":101,"column":4},"end":{"line":101,"column":39}},"58":{"start":{"line":102,"column":4},"end":{"line":102,"column":20}},"59":{"start":{"line":103,"column":4},"end":{"line":103,"column":24}},"60":{"start":{"line":104,"column":4},"end":{"line":106,"column":23}},"61":{"start":{"line":109,"column":0},"end":{"line":122,"column":1}},"62":{"start":{"line":110,"column":4},"end":{"line":110,"column":57}},"63":{"start":{"line":112,"column":4},"end":{"line":112,"column":20}},"64":{"start":{"line":113,"column":4},"end":{"line":113,"column":55}},"65":{"start":{"line":114,"column":4},"end":{"line":114,"column":56}},"66":{"start":{"line":115,"column":4},"end":{"line":115,"column":52}},"67":{"start":{"line":116,"column":4},"end":{"line":116,"column":55}},"68":{"start":{"line":117,"column":4},"end":{"line":117,"column":55}},"69":{"start":{"line":118,"column":4},"end":{"line":118,"column":55}},"70":{"start":{"line":119,"column":4},"end":{"line":119,"column":58}},"71":{"start":{"line":121,"column":4},"end":{"line":121,"column":58}},"72":{"start":{"line":124,"column":0},"end":{"line":124,"column":19}},"73":{"start":{"line":126,"column":0},"end":{"line":128,"column":1}},"74":{"start":{"line":127,"column":4},"end":{"line":127,"column":63}},"75":{"start":{"line":130,"column":0},"end":{"line":141,"column":1}},"76":{"start":{"line":131,"column":4},"end":{"line":140,"column":5}},"77":{"start":{"line":132,"column":8},"end":{"line":132,"column":46}},"78":{"start":{"line":133,"column":8},"end":{"line":133,"column":23}},"79":{"start":{"line":134,"column":8},"end":{"line":134,"column":50}},"80":{"start":{"line":136,"column":8},"end":{"line":136,"column":42}},"81":{"start":{"line":137,"column":8},"end":{"line":139,"column":20}},"82":{"start":{"line":138,"column":12},"end":{"line":138,"column":46}},"83":{"start":{"line":143,"column":0},"end":{"line":148,"column":1}},"84":{"start":{"line":147,"column":4},"end":{"line":147,"column":63}}},"branchMap":{"1":{"line":45,"type":"if","locations":[{"start":{"line":45,"column":4},"end":{"line":45,"column":4}},{"start":{"line":45,"column":4},"end":{"line":45,"column":4}}]},"2":{"line":96,"type":"cond-expr","locations":[{"start":{"line":96,"column":50},"end":{"line":96,"column":99}},{"start":{"line":97,"column":22},"end":{"line":97,"column":24}}]},"3":{"line":96,"type":"binary-expr","locations":[{"start":{"line":96,"column":15},"end":{"line":96,"column":26}},{"start":{"line":96,"column":30},"end":{"line":96,"column":46}}]},"4":{"line":131,"type":"if","locations":[{"start":{"line":131,"column":4},"end":{"line":131,"column":4}},{"start":{"line":131,"column":4},"end":{"line":131,"column":4}}]}}}}