TN:
SF:/Users/tzelee/AndroidProto/assets/www/main2.js
FN:3,(anonymous_1)
FN:13,(anonymous_2)
FN:14,(anonymous_3)
FN:17,(anonymous_4)
FN:22,(anonymous_5)
FN:26,(anonymous_6)
FN:30,roundNumber
FN:38,updateAcceleration
FN:44,(anonymous_9)
FN:57,(anonymous_10)
FN:63,(anonymous_11)
FN:67,dump_pic
FN:77,fail
FN:81,show_pic
FN:87,close
FN:93,contacts_success
FN:100,get_contacts
FN:109,check_network
FN:126,updateHeading
FN:130,toggleCompass
FN:137,(anonymous_21)
FN:143,init
FNF:22
FNH:0
FNDA:0,(anonymous_1)
FNDA:0,(anonymous_2)
FNDA:0,(anonymous_3)
FNDA:0,(anonymous_4)
FNDA:0,(anonymous_5)
FNDA:0,(anonymous_6)
FNDA:0,roundNumber
FNDA:0,updateAcceleration
FNDA:0,(anonymous_9)
FNDA:0,(anonymous_10)
FNDA:0,(anonymous_11)
FNDA:0,dump_pic
FNDA:0,fail
FNDA:0,show_pic
FNDA:0,close
FNDA:0,contacts_success
FNDA:0,get_contacts
FNDA:0,check_network
FNDA:0,updateHeading
FNDA:0,toggleCompass
FNDA:0,(anonymous_21)
FNDA:0,init
DA:3,1
DA:4,0
DA:5,0
DA:6,0
DA:7,0
DA:8,0
DA:9,0
DA:10,0
DA:13,1
DA:14,0
DA:15,0
DA:17,0
DA:19,0
DA:22,1
DA:23,0
DA:26,1
DA:27,0
DA:30,1
DA:31,0
DA:32,0
DA:33,0
DA:36,1
DA:38,1
DA:39,0
DA:40,0
DA:41,0
DA:44,1
DA:45,0
DA:46,0
DA:47,0
DA:52,0
DA:54,0
DA:55,0
DA:56,0
DA:58,0
DA:63,1
DA:64,0
DA:67,1
DA:68,0
DA:69,0
DA:70,0
DA:71,0
DA:72,0
DA:73,0
DA:74,0
DA:77,1
DA:78,0
DA:81,1
DA:82,0
DA:87,1
DA:88,0
DA:89,0
DA:90,0
DA:93,1
DA:94,0
DA:100,1
DA:101,0
DA:102,0
DA:103,0
DA:104,0
DA:109,1
DA:110,0
DA:112,0
DA:113,0
DA:114,0
DA:115,0
DA:116,0
DA:117,0
DA:118,0
DA:119,0
DA:121,0
DA:124,1
DA:126,1
DA:127,0
DA:130,1
DA:131,0
DA:132,0
DA:133,0
DA:134,0
DA:136,0
DA:137,0
DA:138,0
DA:143,1
DA:147,0
LF:84
LH:20
BRDA:45,1,0,0
BRDA:45,1,1,0
BRDA:96,2,0,0
BRDA:96,2,1,0
BRDA:96,3,0,0
BRDA:96,3,1,0
BRDA:131,4,0,0
BRDA:131,4,1,0
BRF:8
BRH:0
end_of_record
